#
# There is insufficient memory for the Java Runtime Environment to continue.
# Native memory allocation (malloc) failed to allocate 831536 bytes for Chunk::new
# Possible reasons:
#   The system is out of physical RAM or swap space
#   In 32 bit mode, the process size limit was hit
# Possible solutions:
#   Reduce memory load on the system
#   Increase physical memory or swap space
#   Check if swap backing store is full
#   Use 64 bit Java on a 64 bit OS
#   Decrease Java heap size (-Xmx/-Xms)
#   Decrease number of Java threads
#   Decrease Java thread stack sizes (-Xss)
#   Set larger code cache with -XX:ReservedCodeCacheSize=
# This output file may be truncated or incomplete.
#
#  Out of Memory Error (allocation.cpp:390), pid=20328, tid=20316
#
# JRE version: Java(TM) SE Runtime Environment (8.0_60-b27) (build 1.8.0_60-b27)
# Java VM: Java HotSpot(TM) 64-Bit Server VM (25.60-b23 mixed mode windows-amd64 compressed oops)
# Failed to write core dump. Minidumps are not enabled by default on client versions of Windows
#

---------------  T H R E A D  ---------------

Current thread (0x0000000019831000):  JavaThread "C2 CompilerThread1" daemon [_thread_in_native, id=20316, stack(0x0000000019f00000,0x000000001a000000)]

Stack: [0x0000000019f00000,0x000000001a000000]
[error occurred during error reporting (printing stack bounds), id 0xc0000005]

Native frames: (J=compiled Java code, j=interpreted, Vv=VM code, C=native code)


Current CompileTask:
C2:  42441 2647       4       javax.swing.RepaintManager::addDirtyRegion (37 bytes)


---------------  P R O C E S S  ---------------

Java Threads: ( => current thread )
  0x000000001ab52800 JavaThread "TimerQueue" daemon [_thread_blocked, id=21384, stack(0x00000000235b0000,0x00000000236b0000)]
  0x0000000002620800 JavaThread "DestroyJavaVM" [_thread_blocked, id=20400, stack(0x00000000024e0000,0x00000000025e0000)]
  0x000000001a8ee800 JavaThread "D3D Screen Updater" daemon [_thread_blocked, id=21380, stack(0x00000000232a0000,0x00000000233a0000)]
  0x000000001a9d9800 JavaThread "AWT-EventQueue-0" [_thread_blocked, id=16588, stack(0x0000000020250000,0x0000000020350000)]
  0x000000001a850000 JavaThread "AWT-Windows" daemon [_thread_in_native, id=17868, stack(0x000000001b260000,0x000000001b360000)]
  0x000000001a84d800 JavaThread "AWT-Shutdown" [_thread_blocked, id=18104, stack(0x000000001b160000,0x000000001b260000)]
  0x000000001a7f9800 JavaThread "Java2D Disposer" daemon [_thread_blocked, id=5908, stack(0x000000001afd0000,0x000000001b0d0000)]
  0x00000000198c2000 JavaThread "Service Thread" daemon [_thread_blocked, id=18348, stack(0x000000001a200000,0x000000001a300000)]
  0x000000001983c000 JavaThread "C1 CompilerThread3" daemon [_thread_blocked, id=20568, stack(0x000000001a100000,0x000000001a200000)]
  0x0000000019833800 JavaThread "C2 CompilerThread2" daemon [_thread_blocked, id=20556, stack(0x000000001a000000,0x000000001a100000)]
=>0x0000000019831000 JavaThread "C2 CompilerThread1" daemon [_thread_in_native, id=20316, stack(0x0000000019f00000,0x000000001a000000)]
  0x000000001982c000 JavaThread "C2 CompilerThread0" daemon [_thread_blocked, id=20308, stack(0x0000000019e00000,0x0000000019f00000)]
  0x0000000019827000 JavaThread "Attach Listener" daemon [_thread_blocked, id=20376, stack(0x0000000019d00000,0x0000000019e00000)]
  0x0000000019826000 JavaThread "Signal Dispatcher" daemon [_thread_blocked, id=20516, stack(0x0000000019c00000,0x0000000019d00000)]
  0x000000000271a000 JavaThread "Finalizer" daemon [_thread_blocked, id=20440, stack(0x0000000019610000,0x0000000019710000)]
  0x0000000002713000 JavaThread "Reference Handler" daemon [_thread_blocked, id=20288, stack(0x0000000019510000,0x0000000019610000)]

Other Threads:
  0x0000000017729800 VMThread [stack: 0x0000000019410000,0x0000000019510000] [id=20504]
  0x00000000198ec000 WatcherThread [stack: 0x000000001a300000,0x000000001a400000] [id=15868]

VM state:not at safepoint (normal execution)

VM Mutex/Monitor currently owned by a thread: None

Heap:
 PSYoungGen      total 38400K, used 18179K [0x00000000d5900000, 0x00000000d8380000, 0x0000000100000000)
  eden space 33280K, 54% used [0x00000000d5900000,0x00000000d6ac0f68,0x00000000d7980000)
  from space 5120K, 0% used [0x00000000d7980000,0x00000000d7980000,0x00000000d7e80000)
  to   space 5120K, 0% used [0x00000000d7e80000,0x00000000d7e80000,0x00000000d8380000)
 ParOldGen       total 41984K, used 6681K [0x0000000080a00000, 0x0000000083300000, 0x00000000d5900000)
  object space 41984K, 15% used [0x0000000080a00000,0x0000000081086458,0x0000000083300000)
 Metaspace       used 22418K, capacity 22662K, committed 22912K, reserved 1075200K
  class space    used 2818K, capacity 2911K, committed 2944K, reserved 1048576K

Card table byte_map: [0x0000000011ae0000,0x0000000011ee0000] byte_map_base: 0x00000000116db000

Marking Bits: (ParMarkBitMap*) 0x000000005a23a5b0
 Begin Bits: [0x0000000012990000, 0x0000000014968000)
 End Bits:   [0x0000000014968000, 0x0000000016940000)

Polling page: 0x0000000000840000

CodeCache: size=245760Kb used=8355Kb max_used=8367Kb free=237404Kb
 bounds [0x0000000002720000, 0x0000000002f60000, 0x0000000011720000]
 total_blobs=3245 nmethods=2630 adapters=526
 compilation: enabled

Compilation events (10 events):
Event: 42.417 Thread 0x000000001982c000 nmethod 2644 0x0000000002f48f10 code [0x0000000002f49060, 0x0000000002f49178]
Event: 42.418 Thread 0x000000001983c000 nmethod 2646 0x0000000002f49b50 code [0x0000000002f49d00, 0x0000000002f4a4b8]
Event: 42.418 Thread 0x000000001983c000 2648       3       javax.swing.JTable::getColumnCount (10 bytes)
Event: 42.418 Thread 0x000000001983c000 nmethod 2648 0x0000000002f49410 code [0x0000000002f49580, 0x0000000002f499d0]
Event: 42.418 Thread 0x000000001983c000 2649       3       javax.swing.GroupLayout$Group::setSize (60 bytes)
Event: 42.418 Thread 0x000000001983c000 nmethod 2649 0x0000000002f4df90 code [0x0000000002f4e160, 0x0000000002f4ea58]
Event: 42.421 Thread 0x000000001983c000 2651       1       java.awt.image.BufferedImage::getColorModel (5 bytes)
Event: 42.421 Thread 0x000000001983c000 nmethod 2651 0x0000000002f48890 code [0x0000000002f489e0, 0x0000000002f48af0]
Event: 42.426 Thread 0x0000000019833800 2652  s    4       java.util.Vector::get (23 bytes)
Event: 42.427 Thread 0x0000000019833800 nmethod 2652 0x0000000002f4da90 code [0x0000000002f4dbe0, 0x0000000002f4de58]

GC Heap History (4 events):
Event: 2.878 GC heap before
{Heap before GC invocations=1 (full 0):
 PSYoungGen      total 38400K, used 24893K [0x00000000d5900000, 0x00000000d8380000, 0x0000000100000000)
  eden space 33280K, 74% used [0x00000000d5900000,0x00000000d714f5a8,0x00000000d7980000)
  from space 5120K, 0% used [0x00000000d7e80000,0x00000000d7e80000,0x00000000d8380000)
  to   space 5120K, 0% used [0x00000000d7980000,0x00000000d7980000,0x00000000d7e80000)
 ParOldGen       total 87552K, used 0K [0x0000000080a00000, 0x0000000085f80000, 0x00000000d5900000)
  object space 87552K, 0% used [0x0000000080a00000,0x0000000080a00000,0x0000000085f80000)
 Metaspace       used 18215K, capacity 18386K, committed 18560K, reserved 1075200K
  class space    used 2255K, capacity 2347K, committed 2432K, reserved 1048576K
Event: 2.883 GC heap after
Heap after GC invocations=1 (full 0):
 PSYoungGen      total 38400K, used 5092K [0x00000000d5900000, 0x00000000d8380000, 0x0000000100000000)
  eden space 33280K, 0% used [0x00000000d5900000,0x00000000d5900000,0x00000000d7980000)
  from space 5120K, 99% used [0x00000000d7980000,0x00000000d7e793d8,0x00000000d7e80000)
  to   space 5120K, 0% used [0x00000000d7e80000,0x00000000d7e80000,0x00000000d8380000)
 ParOldGen       total 87552K, used 1775K [0x0000000080a00000, 0x0000000085f80000, 0x00000000d5900000)
  object space 87552K, 2% used [0x0000000080a00000,0x0000000080bbbc30,0x0000000085f80000)
 Metaspace       used 18215K, capacity 18386K, committed 18560K, reserved 1075200K
  class space    used 2255K, capacity 2347K, committed 2432K, reserved 1048576K
}
Event: 2.883 GC heap before
{Heap before GC invocations=2 (full 1):
 PSYoungGen      total 38400K, used 5092K [0x00000000d5900000, 0x00000000d8380000, 0x0000000100000000)
  eden space 33280K, 0% used [0x00000000d5900000,0x00000000d5900000,0x00000000d7980000)
  from space 5120K, 99% used [0x00000000d7980000,0x00000000d7e793d8,0x00000000d7e80000)
  to   space 5120K, 0% used [0x00000000d7e80000,0x00000000d7e80000,0x00000000d8380000)
 ParOldGen       total 87552K, used 1775K [0x0000000080a00000, 0x0000000085f80000, 0x00000000d5900000)
  object space 87552K, 2% used [0x0000000080a00000,0x0000000080bbbc30,0x0000000085f80000)
 Metaspace       used 18215K, capacity 18386K, committed 18560K, reserved 1075200K
  class space    used 2255K, capacity 2347K, committed 2432K, reserved 1048576K
Event: 2.900 GC heap after
Heap after GC invocations=2 (full 1):
 PSYoungGen      total 38400K, used 0K [0x00000000d5900000, 0x00000000d8380000, 0x0000000100000000)
  eden space 33280K, 0% used [0x00000000d5900000,0x00000000d5900000,0x00000000d7980000)
  from space 5120K, 0% used [0x00000000d7980000,0x00000000d7980000,0x00000000d7e80000)
  to   space 5120K, 0% used [0x00000000d7e80000,0x00000000d7e80000,0x00000000d8380000)
 ParOldGen       total 41984K, used 6681K [0x0000000080a00000, 0x0000000083300000, 0x00000000d5900000)
  object space 41984K, 15% used [0x0000000080a00000,0x0000000081086458,0x0000000083300000)
 Metaspace       used 18215K, capacity 18386K, committed 18560K, reserved 1073152K
  class space    used 2255K, capacity 2347K, committed 2432K, reserved 1048576K
}

Deoptimization events (10 events):
Event: 2.515 Thread 0x000000001a9d9800 Uncommon trap: reason=class_check action=maybe_recompile pc=0x00000000028891e8 method=java.lang.String.equals(Ljava/lang/Object;)Z @ 8
Event: 2.648 Thread 0x000000001a9d9800 Uncommon trap: reason=unstable_if action=reinterpret pc=0x00000000029f66b0 method=java.util.Properties.loadConvert([CII[C)Ljava/lang/String; @ 4
Event: 2.711 Thread 0x000000001a9d9800 Uncommon trap: reason=unstable_if action=reinterpret pc=0x00000000029afd38 method=java.lang.String.indexOf([CII[CIII)I @ 3
Event: 4.090 Thread 0x000000001a9d9800 Uncommon trap: reason=class_check action=maybe_recompile pc=0x00000000028891e8 method=java.lang.String.equals(Ljava/lang/Object;)Z @ 8
Event: 4.090 Thread 0x000000001a9d9800 Uncommon trap: reason=class_check action=maybe_recompile pc=0x00000000028891e8 method=java.lang.String.equals(Ljava/lang/Object;)Z @ 8
Event: 4.090 Thread 0x000000001a9d9800 Uncommon trap: reason=class_check action=maybe_recompile pc=0x00000000028891e8 method=java.lang.String.equals(Ljava/lang/Object;)Z @ 8
Event: 5.229 Thread 0x000000001a9d9800 Uncommon trap: reason=unstable_if action=reinterpret pc=0x0000000002c318ec method=sun.util.calendar.CalendarUtils.isGregorianLeapYear(I)Z @ 3
Event: 5.302 Thread 0x000000001a9d9800 Uncommon trap: reason=unstable_if action=reinterpret pc=0x0000000002b8fa70 method=java.awt.Container.findComponentAtImpl(IIZ)Ljava/awt/Component; @ 24
Event: 7.010 Thread 0x000000001a9d9800 Uncommon trap: reason=unstable_if action=reinterpret pc=0x0000000002d26404 method=sun.java2d.pipe.BufferedContext.validate(Lsun/java2d/pipe/hw/AccelSurface;Lsun/java2d/pipe/hw/AccelSurface;Lsun/java2d/pipe/Region;Ljava/awt/Composite;Ljava/awt/geom/AffineTr
Event: 7.010 Thread 0x000000001a9d9800 Uncommon trap: reason=null_check action=make_not_entrant pc=0x0000000002bb9e30 method=java.awt.geom.AffineTransform.equals(Ljava/lang/Object;)Z @ 1

Internal exceptions (10 events):
Event: 2.565 Thread 0x000000001a9d9800 Exception <a 'java/lang/ArrayIndexOutOfBoundsException'> (0x00000000d65fd6e0) thrown at [C:\re\workspace\8-2-build-windows-amd64-cygwin\jdk8u60\4407\hotspot\src\share\vm\runtime\sharedRuntime.cpp, line 605]
Event: 2.566 Thread 0x000000001a9d9800 Exception <a 'java/lang/ArrayIndexOutOfBoundsException'> (0x00000000d65ff310) thrown at [C:\re\workspace\8-2-build-windows-amd64-cygwin\jdk8u60\4407\hotspot\src\share\vm\runtime\sharedRuntime.cpp, line 605]
Event: 2.570 Thread 0x000000001a9d9800 Exception <a 'java/lang/ArrayIndexOutOfBoundsException'> (0x00000000d6625768) thrown at [C:\re\workspace\8-2-build-windows-amd64-cygwin\jdk8u60\4407\hotspot\src\share\vm\runtime\sharedRuntime.cpp, line 605]
Event: 2.570 Thread 0x000000001a9d9800 Exception <a 'java/lang/ArrayIndexOutOfBoundsException'> (0x00000000d6626bb8) thrown at [C:\re\workspace\8-2-build-windows-amd64-cygwin\jdk8u60\4407\hotspot\src\share\vm\runtime\sharedRuntime.cpp, line 605]
Event: 2.570 Thread 0x000000001a9d9800 Exception <a 'java/lang/ArrayIndexOutOfBoundsException'> (0x00000000d6628688) thrown at [C:\re\workspace\8-2-build-windows-amd64-cygwin\jdk8u60\4407\hotspot\src\share\vm\runtime\sharedRuntime.cpp, line 605]
Event: 2.574 Thread 0x000000001a9d9800 Exception <a 'java/lang/ArrayIndexOutOfBoundsException'> (0x00000000d664eb28) thrown at [C:\re\workspace\8-2-build-windows-amd64-cygwin\jdk8u60\4407\hotspot\src\share\vm\runtime\sharedRuntime.cpp, line 605]
Event: 2.576 Thread 0x000000001a9d9800 Exception <a 'java/lang/ArrayIndexOutOfBoundsException'> (0x00000000d665cc28) thrown at [C:\re\workspace\8-2-build-windows-amd64-cygwin\jdk8u60\4407\hotspot\src\share\vm\runtime\sharedRuntime.cpp, line 605]
Event: 2.926 Thread 0x000000001a9d9800 Exception <a 'java/lang/NoSuchMethodError': <clinit>> (0x00000000d5b3a7a8) thrown at [C:\re\workspace\8-2-build-windows-amd64-cygwin\jdk8u60\4407\hotspot\src\share\vm\prims\jni.cpp, line 1591]
Event: 2.929 Thread 0x000000001a9d9800 Exception <a 'java/lang/NoSuchMethodError': <clinit>> (0x00000000d5bab950) thrown at [C:\re\workspace\8-2-build-windows-amd64-cygwin\jdk8u60\4407\hotspot\src\share\vm\prims\jni.cpp, line 1591]
Event: 7.010 Thread 0x000000001a9d9800 Implicit null exception at 0x0000000002bb9c8c to 0x0000000002bb9e21

Events (10 events):
Event: 37.873 loading class controleurs/CtrlMedicament$Ecouteur
Event: 37.873 loading class controleurs/CtrlMedicament$Ecouteur done
Event: 37.881 loading class controleurs/CtrlMedicament$1
Event: 37.881 loading class controleurs/CtrlMedicament$1 done
Event: 37.882 loading class controleurs/CtrlMedicament$2
Event: 37.882 loading class controleurs/CtrlMedicament$2 done
Event: 37.882 loading class controleurs/CtrlMedicament$3
Event: 37.882 loading class controleurs/CtrlMedicament$3 done
Event: 37.909 Executing VM operation: RevokeBias
Event: 37.909 Executing VM operation: RevokeBias done


Dynamic libraries:
0x00007ff7701d0000 - 0x00007ff770207000 	C:\Program Files\Java\jdk1.8.0_60\jre\bin\java.exe
0x00007ffaaebb0000 - 0x00007ffaaed7d000 	C:\WINDOWS\SYSTEM32\ntdll.dll
0x00007ffaae240000 - 0x00007ffaae2ec000 	C:\WINDOWS\System32\KERNEL32.DLL
0x00007ffaab440000 - 0x00007ffaab66f000 	C:\WINDOWS\System32\KERNELBASE.dll
0x00007ffaae990000 - 0x00007ffaaea33000 	C:\WINDOWS\System32\ADVAPI32.dll
0x00007ffaae830000 - 0x00007ffaae8cd000 	C:\WINDOWS\System32\msvcrt.dll
0x00007ffaae8d0000 - 0x00007ffaae928000 	C:\WINDOWS\System32\sechost.dll
0x00007ffaae710000 - 0x00007ffaae82d000 	C:\WINDOWS\System32\RPCRT4.dll
0x00007ffaac770000 - 0x00007ffaac8c8000 	C:\WINDOWS\System32\USER32.dll
0x00007ffaabe50000 - 0x00007ffaabe6f000 	C:\WINDOWS\System32\win32u.dll
0x00007ffaae210000 - 0x00007ffaae240000 	C:\WINDOWS\System32\GDI32.dll
0x00007ffaabe70000 - 0x00007ffaabff2000 	C:\WINDOWS\System32\gdi32full.dll
0x00007ffaa0510000 - 0x00007ffaa0780000 	C:\WINDOWS\WinSxS\amd64_microsoft.windows.common-controls_6595b64144ccf1df_6.0.14936.1000_none_8bb5bb13bba044b0\COMCTL32.dll
0x00007ffaac8d0000 - 0x00007ffaacba5000 	C:\WINDOWS\System32\combase.dll
0x00007ffaac000000 - 0x00007ffaac0f8000 	C:\WINDOWS\System32\ucrtbase.dll
0x00007ffaabd30000 - 0x00007ffaabd9e000 	C:\WINDOWS\System32\bcryptPrimitives.dll
0x00007ffaacd50000 - 0x00007ffaacd7d000 	C:\WINDOWS\System32\IMM32.DLL
0x0000000059950000 - 0x0000000059a22000 	C:\Program Files\Java\jdk1.8.0_60\jre\bin\msvcr100.dll
0x0000000059a30000 - 0x000000005a2b9000 	C:\Program Files\Java\jdk1.8.0_60\jre\bin\server\jvm.dll
0x00007ffaacd40000 - 0x00007ffaacd48000 	C:\WINDOWS\System32\PSAPI.DLL
0x00007ffa9f600000 - 0x00007ffa9f609000 	C:\WINDOWS\SYSTEM32\WSOCK32.dll
0x00007ffaa94a0000 - 0x00007ffaa94c3000 	C:\WINDOWS\SYSTEM32\WINMM.dll
0x00007ffaacbb0000 - 0x00007ffaacc1a000 	C:\WINDOWS\System32\WS2_32.dll
0x00007ffaa4700000 - 0x00007ffaa470a000 	C:\WINDOWS\SYSTEM32\VERSION.dll
0x00007ffaa9430000 - 0x00007ffaa945a000 	C:\WINDOWS\SYSTEM32\WINMMBASE.dll
0x00007ffaab3f0000 - 0x00007ffaab431000 	C:\WINDOWS\System32\cfgmgr32.dll
0x000000005abf0000 - 0x000000005abff000 	C:\Program Files\Java\jdk1.8.0_60\jre\bin\verify.dll
0x0000000059920000 - 0x0000000059949000 	C:\Program Files\Java\jdk1.8.0_60\jre\bin\java.dll
0x000000005abd0000 - 0x000000005abe6000 	C:\Program Files\Java\jdk1.8.0_60\jre\bin\zip.dll
0x00007ffaacd80000 - 0x00007ffaae1b0000 	C:\WINDOWS\System32\SHELL32.dll
0x00007ffaab670000 - 0x00007ffaabd27000 	C:\WINDOWS\System32\windows.storage.dll
0x00007ffaae1b0000 - 0x00007ffaae202000 	C:\WINDOWS\System32\shlwapi.dll
0x00007ffaab1b0000 - 0x00007ffaab1bf000 	C:\WINDOWS\System32\kernel.appcore.dll
0x00007ffaae660000 - 0x00007ffaae703000 	C:\WINDOWS\System32\shcore.dll
0x00007ffaab160000 - 0x00007ffaab1ac000 	C:\WINDOWS\System32\powrprof.dll
0x00007ffaab140000 - 0x00007ffaab154000 	C:\WINDOWS\System32\profapi.dll
0x0000000059740000 - 0x00000000598d8000 	C:\Program Files\Java\jdk1.8.0_60\jre\bin\awt.dll
0x00007ffaae400000 - 0x00007ffaae4be000 	C:\WINDOWS\System32\OLEAUT32.dll
0x00007ffaac100000 - 0x00007ffaac195000 	C:\WINDOWS\System32\msvcp_win.dll
0x00007ffaa9570000 - 0x00007ffaa95ec000 	C:\WINDOWS\SYSTEM32\apphelp.dll
0x00007ffaa8cd0000 - 0x00007ffaa8cf5000 	C:\WINDOWS\system32\DWMAPI.DLL
0x00007ffaa9940000 - 0x00007ffaa99d5000 	C:\WINDOWS\system32\uxtheme.dll
0x00007ffaaea40000 - 0x00007ffaaeba8000 	C:\WINDOWS\System32\MSCTF.dll
0x00007ffa87dd0000 - 0x00007ffa87e18000 	C:\Program Files (x86)\TeamViewer\tv_x64.dll
0x00007ffaae530000 - 0x00007ffaae660000 	C:\WINDOWS\System32\ole32.dll
0x00007ffa85f70000 - 0x00007ffa860f9000 	C:\WINDOWS\system32\d3d9.dll
0x00007ffa84f60000 - 0x00007ffa85f6f000 	C:\WINDOWS\System32\DriverStore\FileRepository\nvmii.inf_amd64_0f0e1a8d1e6d3596\nvd3dumx.dll
0x00007ffaa42c0000 - 0x00007ffaa4491000 	C:\WINDOWS\system32\nvspcap64.dll
0x00007ffaac1a0000 - 0x00007ffaac5c9000 	C:\WINDOWS\System32\SETUPAPI.dll
0x00007ffaa7eb0000 - 0x00007ffaa7f7e000 	C:\WINDOWS\SYSTEM32\WINHTTP.dll
0x00007ffaa8b40000 - 0x00007ffaa8b53000 	C:\WINDOWS\SYSTEM32\WTSAPI32.dll
0x00007ffaa2ea0000 - 0x00007ffaa32be000 	C:\WINDOWS\system32\nvapi64.dll
0x00007ffaaa0c0000 - 0x00007ffaaa15d000 	C:\WINDOWS\SYSTEM32\dxgi.dll
0x00007ffaa9d30000 - 0x00007ffaa9d58000 	C:\WINDOWS\SYSTEM32\DEVOBJ.dll
0x00007ffaab1c0000 - 0x00007ffaab216000 	C:\WINDOWS\System32\WINTRUST.dll
0x00007ffaab130000 - 0x00007ffaab140000 	C:\WINDOWS\System32\MSASN1.dll
0x00007ffaab220000 - 0x00007ffaab3e9000 	C:\WINDOWS\System32\CRYPT32.dll
0x00007ffa94d40000 - 0x00007ffa94e27000 	C:\Program Files (x86)\NVIDIA Corporation\3D Vision\nvSCPAPI64.dll
0x00000000596f0000 - 0x0000000059737000 	C:\Program Files\Java\jdk1.8.0_60\jre\bin\fontmanager.dll
0x00007ffaacc20000 - 0x00007ffaaccbe000 	C:\WINDOWS\System32\clbcatq.dll
0x00007ffaa77f0000 - 0x00007ffaa7994000 	C:\WINDOWS\SYSTEM32\WindowsCodecs.dll
0x00007ffa8f240000 - 0x00007ffa8f287000 	C:\WINDOWS\system32\dataexchange.dll
0x00007ffaa8e30000 - 0x00007ffaa8f35000 	C:\WINDOWS\system32\dcomp.dll
0x00007ffaa8630000 - 0x00007ffaa88db000 	C:\WINDOWS\system32\d3d11.dll
0x00007ffaa9bf0000 - 0x00007ffaa9d25000 	C:\WINDOWS\system32\twinapi.appcore.dll
0x00007ffaaad20000 - 0x00007ffaaad4b000 	C:\WINDOWS\system32\bcrypt.dll
0x0000000059900000 - 0x000000005991a000 	C:\Program Files\Java\jdk1.8.0_60\jre\bin\net.dll
0x00007ffaaaa70000 - 0x00007ffaaaacc000 	C:\WINDOWS\system32\mswsock.dll
0x00000000598e0000 - 0x00000000598f1000 	C:\Program Files\Java\jdk1.8.0_60\jre\bin\nio.dll
0x00000000596a0000 - 0x00000000596e2000 	C:\Program Files\Java\jdk1.8.0_60\jre\bin\t2k.dll
0x0000000059690000 - 0x000000005969d000 	C:\Program Files\Java\jdk1.8.0_60\jre\bin\management.dll
0x00007ffaaa840000 - 0x00007ffaaa8df000 	C:\WINDOWS\SYSTEM32\DNSAPI.dll
0x00007ffaae4c0000 - 0x00007ffaae4c8000 	C:\WINDOWS\System32\NSI.dll
0x00007ffaaa800000 - 0x00007ffaaa836000 	C:\WINDOWS\SYSTEM32\IPHLPAPI.DLL
0x000000005c390000 - 0x000000005c3b6000 	C:\Program Files\Bonjour\mdnsNSP.dll
0x00007ffa9fde0000 - 0x00007ffa9fdea000 	C:\Windows\System32\rasadhlp.dll
0x00007ffaa27d0000 - 0x00007ffaa2838000 	C:\WINDOWS\System32\fwpuclnt.dll
0x00007ffaaac20000 - 0x00007ffaaac36000 	C:\WINDOWS\SYSTEM32\CRYPTSP.dll
0x00007ffaaa690000 - 0x00007ffaaa6c4000 	C:\WINDOWS\system32\rsaenh.dll
0x00007ffaaa8f0000 - 0x00007ffaaa90f000 	C:\WINDOWS\SYSTEM32\USERENV.dll
0x00007ffaaac10000 - 0x00007ffaaac1b000 	C:\WINDOWS\SYSTEM32\CRYPTBASE.dll
0x00007ffaa60e0000 - 0x00007ffaa60f6000 	C:\WINDOWS\SYSTEM32\dhcpcsvc6.DLL
0x00007ffaa6a20000 - 0x00007ffaa6a3a000 	C:\WINDOWS\SYSTEM32\dhcpcsvc.DLL
0x00007ffa99610000 - 0x00007ffa99626000 	C:\WINDOWS\system32\napinsp.dll
0x00007ffa995f0000 - 0x00007ffa9960a000 	C:\WINDOWS\system32\pnrpnsp.dll
0x00007ffaa8e10000 - 0x00007ffaa8e28000 	C:\WINDOWS\system32\NLAapi.dll
0x00007ffa990c0000 - 0x00007ffa990ce000 	C:\WINDOWS\System32\winrnr.dll
0x00007ffa99090000 - 0x00007ffa990a5000 	C:\WINDOWS\System32\wshbth.dll
0x00007ffa98f00000 - 0x00007ffa98fa6000 	C:\WINDOWS\WinSxS\amd64_microsoft.windows.common-controls_6595b64144ccf1df_5.82.14936.1000_none_58c39e7591278325\comctl32.dll

VM Arguments:
jvm_args: -Dfile.encoding=UTF-8 
java_command: gsb_visiteurs.GSB_Visiteurs
java_class_path (initial): C:\Users\Benoit\Documents\NetBeansProjects\GSB_Visiteurs\GSB_Visiteurs\lib\jcalendar-1.4.jar;C:\Users\Benoit\Documents\NetBeansProjects\GSB_Visiteurs\GSB_Visiteurs\lib\ojdbc6.jar;C:\Users\Benoit\Documents\NetBeansProjects\GSB_Visiteurs\GSB_Visiteurs\build\classes
Launcher Type: SUN_STANDARD

Environment Variables:
PATH=C:\oraclexe\app\oracle\product\11.2.0\server\bin;C:\Program Files (x86)\Razer Chroma SDK\bin;C:\Program Files\Razer Chroma SDK\bin;C:\ProgramData\Oracle\Java\javapath;C:\WINDOWS\system32;C:\WINDOWS;C:\WINDOWS\System32\Wbem;C:\WINDOWS\System32\WindowsPowerShell\v1.0\;C:\Program Files (x86)\QuickTime\QTSystem\;C:\Program Files (x86)\NVIDIA Corporation\PhysX\Common;C:\Program Files (x86)\Skype\Phone\;C:\Program Files (x86)\Windows Live\Shared;C:\WINDOWS\system32;C:\WINDOWS;C:\WINDOWS\System32\Wbem;C:\WINDOWS\System32\WindowsPowerShell\v1.0\;C:\Program Files (x86)\GtkSharp\2.12\bin;C:\wamp\bin\php\php5.6.19;C:\ProgramData\ComposerSetup\bin;C:\Users\Benoit\AppData\Local\Programs\Python\Python35\Scripts\;C:\Users\Benoit\AppData\Local\Programs\Python\Python35\;C:\Users\Benoit\AppData\Local\Microsoft\WindowsApps;C:\Program Files (x86)\Jar2Exe Wizard\;C:\Users\Benoit\AppData\Roaming\Composer\vendor\bin
USERNAME=Benoit
OS=Windows_NT
PROCESSOR_IDENTIFIER=Intel64 Family 6 Model 60 Stepping 3, GenuineIntel



---------------  S Y S T E M  ---------------

OS: Windows 10.0 , 64 bit Build 14936 (10.0.14936.1000)

CPU:total 8 (4 cores per cpu, 2 threads per core) family 6 model 60 stepping 3, cmov, cx8, fxsr, mmx, sse, sse2, sse3, ssse3, sse4.1, sse4.2, popcnt, avx, avx2, aes, clmul, erms, lzcnt, ht, tsc, tscinvbit, bmi1, bmi2

Memory: 4k page, physical 8341376k(1141504k free), swap 18633200k(5320k free)

vm_info: Java HotSpot(TM) 64-Bit Server VM (25.60-b23) for windows-amd64 JRE (1.8.0_60-b27), built on Aug  4 2015 11:06:27 by "java_re" with MS VC++ 10.0 (VS2010)

time: Thu Mar 09 10:18:10 2017
elapsed time: 42 seconds (0d 0h 0m 42s)

