#
# There is insufficient memory for the Java Runtime Environment to continue.
# Native memory allocation (malloc) failed to allocate 1792 bytes for AllocateHeap
# Possible reasons:
#   The system is out of physical RAM or swap space
#   In 32 bit mode, the process size limit was hit
# Possible solutions:
#   Reduce memory load on the system
#   Increase physical memory or swap space
#   Check if swap backing store is full
#   Use 64 bit Java on a 64 bit OS
#   Decrease Java heap size (-Xmx/-Xms)
#   Decrease number of Java threads
#   Decrease Java thread stack sizes (-Xss)
#   Set larger code cache with -XX:ReservedCodeCacheSize=
# This output file may be truncated or incomplete.
#
#  Out of Memory Error (memory/allocation.inline.hpp:61), pid=18516, tid=18728
#
# JRE version: Java(TM) SE Runtime Environment (8.0_60-b27) (build 1.8.0_60-b27)
# Java VM: Java HotSpot(TM) 64-Bit Server VM (25.60-b23 mixed mode windows-amd64 compressed oops)
# Failed to write core dump. Minidumps are not enabled by default on client versions of Windows
#

---------------  T H R E A D  ---------------

Current thread (0x000000000253e000):  GCTaskThread [stack: 0x0000000012490000,0x0000000012590000] [id=18728]

Stack: [0x0000000012490000,0x0000000012590000]
[error occurred during error reporting (printing stack bounds), id 0xc0000005]

Native frames: (J=compiled Java code, j=interpreted, Vv=VM code, C=native code)

JavaThread 0x000000001a8bc000 (nid = 19044) was being processed
Java frames: (J=compiled Java code, j=interpreted, Vv=VM code)
j  com.sun.jmx.mbeanserver.JmxMBeanServer.newMBeanServerDelegate()Ljavax/management/MBeanServerDelegate;+0
j  javax.management.MBeanServerBuilder.newMBeanServerDelegate()Ljavax/management/MBeanServerDelegate;+0
j  javax.management.MBeanServerFactory.newMBeanServer(Ljava/lang/String;)Ljavax/management/MBeanServer;+14
j  javax.management.MBeanServerFactory.createMBeanServer(Ljava/lang/String;)Ljavax/management/MBeanServer;+6
j  javax.management.MBeanServerFactory.createMBeanServer()Ljavax/management/MBeanServer;+1
j  java.lang.management.ManagementFactory.getPlatformMBeanServer()Ljavax/management/MBeanServer;+29
j  oracle.jdbc.driver.OracleDriver.registerMBeans()V+62
j  oracle.jdbc.driver.OracleDriver$1.run()Ljava/lang/Object;+0
v  ~StubRoutines::call_stub
J 362  java.security.AccessController.doPrivileged(Ljava/security/PrivilegedAction;)Ljava/lang/Object; (0 bytes) @ 0x0000000002810252 [0x0000000002810200+0x52]
j  oracle.jdbc.driver.OracleDriver.<clinit>()V+64
v  ~StubRoutines::call_stub
j  sun.reflect.NativeConstructorAccessorImpl.newInstance0(Ljava/lang/reflect/Constructor;[Ljava/lang/Object;)Ljava/lang/Object;+0
j  sun.reflect.NativeConstructorAccessorImpl.newInstance([Ljava/lang/Object;)Ljava/lang/Object;+85
j  sun.reflect.DelegatingConstructorAccessorImpl.newInstance([Ljava/lang/Object;)Ljava/lang/Object;+5
j  java.lang.reflect.Constructor.newInstance([Ljava/lang/Object;)Ljava/lang/Object;+79
j  java.lang.Class.newInstance()Ljava/lang/Object;+138
j  java.util.ServiceLoader$LazyIterator.nextService()Ljava/lang/Object;+119
j  java.util.ServiceLoader$LazyIterator.next()Ljava/lang/Object;+11
j  java.util.ServiceLoader$1.next()Ljava/lang/Object;+37
j  java.sql.DriverManager$2.run()Ljava/lang/Void;+21
j  java.sql.DriverManager$2.run()Ljava/lang/Object;+1
v  ~StubRoutines::call_stub
J 362  java.security.AccessController.doPrivileged(Ljava/security/PrivilegedAction;)Ljava/lang/Object; (0 bytes) @ 0x0000000002810252 [0x0000000002810200+0x52]
j  java.sql.DriverManager.loadInitialDrivers()V+27
j  java.sql.DriverManager.<clinit>()V+32
v  ~StubRoutines::call_stub
j  modele.dao.Jdbc.connecter()V+1
j  modele.dao.Jdbc.creer()Lmodele/dao/Jdbc;+53
j  modele.dao.Jdbc.getInstance()Lmodele/dao/Jdbc;+6
j  modele.dao.DaoConnexion.verifierInfosConnexion(Ljava/lang/String;Ljava/lang/String;)I+95
j  controleurs.CtrlConnexion.checkLogin()V+20
j  controleurs.CtrlConnexion.access$300(Lcontroleurs/CtrlConnexion;)V+1
j  controleurs.CtrlConnexion$3.focusLost(Ljava/awt/event/FocusEvent;)V+13
j  java.awt.AWTEventMulticaster.focusLost(Ljava/awt/event/FocusEvent;)V+21
j  java.awt.Component.processFocusEvent(Ljava/awt/event/FocusEvent;)V+52
j  java.awt.Component.processEvent(Ljava/awt/AWTEvent;)V+12
j  java.awt.Container.processEvent(Ljava/awt/AWTEvent;)V+18
j  java.awt.Component.dispatchEventImpl(Ljava/awt/AWTEvent;)V+589
j  java.awt.Container.dispatchEventImpl(Ljava/awt/AWTEvent;)V+42
j  java.awt.Component.dispatchEvent(Ljava/awt/AWTEvent;)V+2
j  java.awt.KeyboardFocusManager.redispatchEvent(Ljava/awt/Component;Ljava/awt/AWTEvent;)V+7
j  java.awt.DefaultKeyboardFocusManager.typeAheadAssertions(Ljava/awt/Component;Ljava/awt/AWTEvent;)Z+347
j  java.awt.DefaultKeyboardFocusManager.dispatchEvent(Ljava/awt/AWTEvent;)Z+1233
j  java.awt.Component.dispatchEventImpl(Ljava/awt/AWTEvent;)V+151
j  java.awt.Container.dispatchEventImpl(Ljava/awt/AWTEvent;)V+42
j  java.awt.Component.dispatchEvent(Ljava/awt/AWTEvent;)V+2
j  java.awt.EventQueue.dispatchEventImpl(Ljava/awt/AWTEvent;Ljava/lang/Object;)V+41
j  java.awt.EventQueue.access$500(Ljava/awt/EventQueue;Ljava/awt/AWTEvent;Ljava/lang/Object;)V+3
j  java.awt.EventQueue$3.run()Ljava/lang/Void;+32
j  java.awt.EventQueue$3.run()Ljava/lang/Object;+1
v  ~StubRoutines::call_stub
j  java.security.AccessController.doPrivileged(Ljava/security/PrivilegedAction;Ljava/security/AccessControlContext;)Ljava/lang/Object;+0
j  java.security.ProtectionDomain$JavaSecurityAccessImpl.doIntersectionPrivilege(Ljava/security/PrivilegedAction;Ljava/security/AccessControlContext;Ljava/security/AccessControlContext;)Ljava/lang/Object;+18
j  java.security.ProtectionDomain$JavaSecurityAccessImpl.doIntersectionPrivilege(Ljava/security/PrivilegedAction;Ljava/security/AccessControlContext;)Ljava/lang/Object;+6
j  java.awt.EventQueue$4.run()Ljava/lang/Void;+11
j  java.awt.EventQueue$4.run()Ljava/lang/Object;+1
v  ~StubRoutines::call_stub
j  java.security.AccessController.doPrivileged(Ljava/security/PrivilegedAction;Ljava/security/AccessControlContext;)Ljava/lang/Object;+0
j  java.security.ProtectionDomain$JavaSecurityAccessImpl.doIntersectionPrivilege(Ljava/security/PrivilegedAction;Ljava/security/AccessControlContext;Ljava/security/AccessControlContext;)Ljava/lang/Object;+18
j  java.awt.EventQueue.dispatchEvent(Ljava/awt/AWTEvent;)V+73
j  java.awt.SentEvent.dispatch()V+14
j  java.awt.DefaultKeyboardFocusManager$DefaultKeyboardFocusManagerSentEvent.dispatch()V+46
j  java.awt.DefaultKeyboardFocusManager.sendMessage(Ljava/awt/Component;Ljava/awt/AWTEvent;)Z+32
j  java.awt.DefaultKeyboardFocusManager.dispatchEvent(Ljava/awt/AWTEvent;)Z+1474
j  java.awt.Component.dispatchEventImpl(Ljava/awt/AWTEvent;)V+151
j  java.awt.Container.dispatchEventImpl(Ljava/awt/AWTEvent;)V+42
j  java.awt.Window.dispatchEventImpl(Ljava/awt/AWTEvent;)V+19
j  java.awt.Component.dispatchEvent(Ljava/awt/AWTEvent;)V+2
j  java.awt.EventQueue.dispatchEventImpl(Ljava/awt/AWTEvent;Ljava/lang/Object;)V+41
j  java.awt.EventQueue.access$500(Ljava/awt/EventQueue;Ljava/awt/AWTEvent;Ljava/lang/Object;)V+3
j  java.awt.EventQueue$3.run()Ljava/lang/Void;+32
j  java.awt.EventQueue$3.run()Ljava/lang/Object;+1
v  ~StubRoutines::call_stub
j  java.security.AccessController.doPrivileged(Ljava/security/PrivilegedAction;Ljava/security/AccessControlContext;)Ljava/lang/Object;+0
j  java.security.ProtectionDomain$JavaSecurityAccessImpl.doIntersectionPrivilege(Ljava/security/PrivilegedAction;Ljava/security/AccessControlContext;Ljava/security/AccessControlContext;)Ljava/lang/Object;+18
j  java.security.ProtectionDomain$JavaSecurityAccessImpl.doIntersectionPrivilege(Ljava/security/PrivilegedAction;Ljava/security/AccessControlContext;)Ljava/lang/Object;+6
j  java.awt.EventQueue$4.run()Ljava/lang/Void;+11
j  java.awt.EventQueue$4.run()Ljava/lang/Object;+1
v  ~StubRoutines::call_stub
j  java.security.AccessController.doPrivileged(Ljava/security/PrivilegedAction;Ljava/security/AccessControlContext;)Ljava/lang/Object;+0
j  java.security.ProtectionDomain$JavaSecurityAccessImpl.doIntersectionPrivilege(Ljava/security/PrivilegedAction;Ljava/security/AccessControlContext;Ljava/security/AccessControlContext;)Ljava/lang/Object;+18
j  java.awt.EventQueue.dispatchEvent(Ljava/awt/AWTEvent;)V+73
j  java.awt.SequencedEvent.dispatch()V+108
j  java.awt.EventQueue.dispatchEventImpl(Ljava/awt/AWTEvent;Ljava/lang/Object;)V+21
j  java.awt.EventQueue.access$500(Ljava/awt/EventQueue;Ljava/awt/AWTEvent;Ljava/lang/Object;)V+3
j  java.awt.EventQueue$3.run()Ljava/lang/Void;+32
j  java.awt.EventQueue$3.run()Ljava/lang/Object;+1
v  ~StubRoutines::call_stub
j  java.security.AccessController.doPrivileged(Ljava/security/PrivilegedAction;Ljava/security/AccessControlContext;)Ljava/lang/Object;+0
j  java.security.ProtectionDomain$JavaSecurityAccessImpl.doIntersectionPrivilege(Ljava/security/PrivilegedAction;Ljava/security/AccessControlContext;Ljava/security/AccessControlContext;)Ljava/lang/Object;+18
j  java.security.ProtectionDomain$JavaSecurityAccessImpl.doIntersectionPrivilege(Ljava/security/PrivilegedAction;Ljava/security/AccessControlContext;)Ljava/lang/Object;+6
j  java.awt.EventQueue$4.run()Ljava/lang/Void;+11
j  java.awt.EventQueue$4.run()Ljava/lang/Object;+1
v  ~StubRoutines::call_stub
j  java.security.AccessController.doPrivileged(Ljava/security/PrivilegedAction;Ljava/security/AccessControlContext;)Ljava/lang/Object;+0
j  java.security.ProtectionDomain$JavaSecurityAccessImpl.doIntersectionPrivilege(Ljava/security/PrivilegedAction;Ljava/security/AccessControlContext;Ljava/security/AccessControlContext;)Ljava/lang/Object;+18
j  java.awt.EventQueue.dispatchEvent(Ljava/awt/AWTEvent;)V+73
j  java.awt.EventDispatchThread.pumpOneEventForFilters(I)V+245
j  java.awt.EventDispatchThread.pumpEventsForFilter(ILjava/awt/Conditional;Ljava/awt/EventFilter;)V+35
j  java.awt.EventDispatchThread.pumpEventsForHierarchy(ILjava/awt/Conditional;Ljava/awt/Component;)V+11
j  java.awt.EventDispatchThread.pumpEvents(ILjava/awt/Conditional;)V+4
j  java.awt.EventDispatchThread.pumpEvents(Ljava/awt/Conditional;)V+3
j  java.awt.EventDispatchThread.run()V+9
v  ~StubRoutines::call_stub

---------------  P R O C E S S  ---------------

Java Threads: ( => current thread )
  0x000000001aac7800 JavaThread "TimerQueue" daemon [_thread_blocked, id=19116, stack(0x00000000233d0000,0x00000000234d0000)]
  0x0000000002520800 JavaThread "DestroyJavaVM" [_thread_blocked, id=18744, stack(0x0000000002420000,0x0000000002520000)]
  0x000000001aaf7000 JavaThread "D3D Screen Updater" daemon [_thread_blocked, id=18952, stack(0x00000000231d0000,0x00000000232d0000)]
  0x000000001a8bc000 JavaThread "AWT-EventQueue-0" [_thread_blocked, id=19044, stack(0x0000000020280000,0x0000000020380000)]
  0x000000001a6f5000 JavaThread "AWT-Windows" daemon [_thread_in_native, id=18928, stack(0x000000001b180000,0x000000001b280000)]
  0x000000001a6f2800 JavaThread "AWT-Shutdown" [_thread_blocked, id=18792, stack(0x000000001b080000,0x000000001b180000)]
  0x000000001a70b800 JavaThread "Java2D Disposer" daemon [_thread_blocked, id=20492, stack(0x000000001af80000,0x000000001b080000)]
  0x00000000197c0000 JavaThread "Service Thread" daemon [_thread_blocked, id=18748, stack(0x000000001a100000,0x000000001a200000)]
  0x000000001973a000 JavaThread "C1 CompilerThread3" daemon [_thread_blocked, id=20300, stack(0x000000001a000000,0x000000001a100000)]
  0x0000000019731800 JavaThread "C2 CompilerThread2" daemon [_thread_blocked, id=18752, stack(0x0000000019f00000,0x000000001a000000)]
  0x000000001972f000 JavaThread "C2 CompilerThread1" daemon [_thread_blocked, id=18756, stack(0x0000000019e00000,0x0000000019f00000)]
  0x000000001972a000 JavaThread "C2 CompilerThread0" daemon [_thread_blocked, id=18860, stack(0x0000000019d00000,0x0000000019e00000)]
  0x0000000019729000 JavaThread "Attach Listener" daemon [_thread_blocked, id=20684, stack(0x0000000019c00000,0x0000000019d00000)]
  0x0000000019728000 JavaThread "Signal Dispatcher" daemon [_thread_blocked, id=18616, stack(0x0000000019b00000,0x0000000019c00000)]
  0x000000000261c000 JavaThread "Finalizer" daemon [_thread_blocked, id=20100, stack(0x0000000019510000,0x0000000019610000)]
  0x000000001762d000 JavaThread "Reference Handler" daemon [_thread_blocked, id=20264, stack(0x0000000019410000,0x0000000019510000)]

Other Threads:
  0x0000000017629800 VMThread [stack: 0x0000000019310000,0x0000000019410000] [id=20104]
  0x00000000197f2800 WatcherThread [stack: 0x000000001a200000,0x000000001a300000] [id=18612]

=>0x000000000253e000 (exited) GCTaskThread [stack: 0x0000000012490000,0x0000000012590000] [id=18728]

VM state:at safepoint (normal execution)

VM Mutex/Monitor currently owned by a thread:  ([mutex/lock_event])
[0x000000000241bbe0] OopMapCacheAlloc_lock - owner thread: 0x000000000253e000
[0x000000000241cab0] Threads_lock - owner thread: 0x0000000017629800
[0x000000000241c330] Heap_lock - owner thread: 0x000000001a8bc000

Heap:
 PSYoungGen      total 38400K, used 14039K [0x00000000d5900000, 0x00000000d8380000, 0x0000000100000000)
  eden space 33280K, 42% used [0x00000000d5900000,0x00000000d66b5dc0,0x00000000d7980000)
  from space 5120K, 0% used [0x00000000d7e80000,0x00000000d7e80000,0x00000000d8380000)
  to   space 5120K, 67% used [0x00000000d7980000,0x00000000d7cdf930,0x00000000d7e80000)
 ParOldGen       total 87552K, used 16K [0x0000000080a00000, 0x0000000085f80000, 0x00000000d5900000)
  object space 87552K, 0% used [0x0000000080a00000,0x0000000080a04000,0x0000000085f80000)
 Metaspace       used 11791K, capacity 11982K, committed 12160K, reserved 1064960K
  class space    used 1505K, capacity 1579K, committed 1664K, reserved 1048576K

Card table byte_map: [0x00000000119e0000,0x0000000011de0000] byte_map_base: 0x00000000115db000

Marking Bits: (ParMarkBitMap*) 0x000000005a23a5b0
 Begin Bits: [0x0000000012890000, 0x0000000014868000)
 End Bits:   [0x0000000014868000, 0x0000000016840000)

Polling page: 0x0000000000690000

CodeCache: size=245760Kb used=2410Kb max_used=2420Kb free=243349Kb
 bounds [0x0000000002620000, 0x0000000002890000, 0x0000000011620000]
 total_blobs=1048 nmethods=559 adapters=402
 compilation: enabled

Compilation events (10 events):
Event: 8.723 Thread 0x000000001973a000  554       3       java.lang.Character::toUpperCaseEx (30 bytes)
Event: 8.723 Thread 0x000000001973a000 nmethod 554 0x000000000287a250 code [0x000000000287a3c0, 0x000000000287a618]
Event: 8.723 Thread 0x000000001973a000  555       3       java.lang.CharacterDataLatin1::toUpperCaseEx (71 bytes)
Event: 8.724 Thread 0x000000001973a000 nmethod 555 0x000000000287a6d0 code [0x000000000287a840, 0x000000000287ab10]
Event: 8.724 Thread 0x000000001973a000  556       1       java.net.URL::getQuery (5 bytes)
Event: 8.724 Thread 0x000000001973a000 nmethod 556 0x00000000028775d0 code [0x0000000002877720, 0x0000000002877830]
Event: 8.725 Thread 0x0000000019731800  558       4       java.lang.CharacterData::of (120 bytes)
Event: 8.726 Thread 0x0000000019731800 nmethod 558 0x000000000287dcd0 code [0x000000000287de00, 0x000000000287de78]
Event: 8.726 Thread 0x000000001973a000  559       1       java.net.URL::getPort (5 bytes)
Event: 8.726 Thread 0x000000001973a000 nmethod 559 0x000000000287da10 code [0x000000000287db60, 0x000000000287dc70]

GC Heap History (1 events):
Event: 8.728 GC heap before
{Heap before GC invocations=1 (full 0):
 PSYoungGen      total 38400K, used 14039K [0x00000000d5900000, 0x00000000d8380000, 0x0000000100000000)
  eden space 33280K, 42% used [0x00000000d5900000,0x00000000d66b5dc0,0x00000000d7980000)
  from space 5120K, 0% used [0x00000000d7e80000,0x00000000d7e80000,0x00000000d8380000)
  to   space 5120K, 0% used [0x00000000d7980000,0x00000000d7980000,0x00000000d7e80000)
 ParOldGen       total 87552K, used 0K [0x0000000080a00000, 0x0000000085f80000, 0x00000000d5900000)
  object space 87552K, 0% used [0x0000000080a00000,0x0000000080a00000,0x0000000085f80000)
 Metaspace       used 11791K, capacity 11982K, committed 12160K, reserved 1064960K
  class space    used 1505K, capacity 1579K, committed 1664K, reserved 1048576K

Deoptimization events (0 events):
No events

Internal exceptions (10 events):
Event: 0.030 Thread 0x0000000002520800 Exception <a 'java/lang/NoSuchMethodError': Method sun.misc.Unsafe.defineClass(Ljava/lang/String;[BII)Ljava/lang/Class; name or signature does not match> (0x00000000d590d860) thrown at [C:\re\workspace\8-2-build-windows-amd64-cygwin\jdk8u60\4407\hotspot\srgèw«xž?
Event: 0.030 Thread 0x0000000002520800 Exception <a 'java/lang/NoSuchMethodError': Method sun.misc.Unsafe.prefetchRead(Ljava/lang/Object;J)V name or signature does not match> (0x00000000d590db48) thrown at [C:\re\workspace\8-2-build-windows-amd64-cygwin\jdk8u60\4407\hotspot\src\share\vm\prims\j}ŒË\´?
Event: 0.079 Thread 0x0000000002520800 Exception <a 'java/security/PrivilegedActionException'> (0x00000000d5b04c00) thrown at [C:\re\workspace\8-2-build-windows-amd64-cygwin\jdk8u60\4407\hotspot\src\share\vm\prims\jvm.cpp, line 1386]
Event: 0.079 Thread 0x0000000002520800 Exception <a 'java/security/PrivilegedActionException'> (0x00000000d5b04e10) thrown at [C:\re\workspace\8-2-build-windows-amd64-cygwin\jdk8u60\4407\hotspot\src\share\vm\prims\jvm.cpp, line 1386]
Event: 0.079 Thread 0x0000000002520800 Exception <a 'java/security/PrivilegedActionException'> (0x00000000d5b08c58) thrown at [C:\re\workspace\8-2-build-windows-amd64-cygwin\jdk8u60\4407\hotspot\src\share\vm\prims\jvm.cpp, line 1386]
Event: 0.079 Thread 0x0000000002520800 Exception <a 'java/security/PrivilegedActionException'> (0x00000000d5b08e68) thrown at [C:\re\workspace\8-2-build-windows-amd64-cygwin\jdk8u60\4407\hotspot\src\share\vm\prims\jvm.cpp, line 1386]
Event: 0.082 Thread 0x0000000002520800 Exception <a 'java/io/FileNotFoundException'> (0x00000000d5b0b240) thrown at [C:\re\workspace\8-2-build-windows-amd64-cygwin\jdk8u60\4407\hotspot\src\share\vm\prims\jni.cpp, line 709]
Event: 0.107 Thread 0x0000000002520800 Exception <a 'java/lang/NoSuchFieldError': method resolution failed> (0x00000000d5bd8840) thrown at [C:\re\workspace\8-2-build-windows-amd64-cygwin\jdk8u60\4407\hotspot\src\share\vm\prims\methodHandles.cpp, line 1146]
Event: 0.108 Thread 0x0000000002520800 Exception <a 'java/lang/NoSuchFieldError': method resolution failed> (0x00000000d5be5b90) thrown at [C:\re\workspace\8-2-build-windows-amd64-cygwin\jdk8u60\4407\hotspot\src\share\vm\prims\methodHandles.cpp, line 1146]
Event: 0.132 Thread 0x0000000002520800 Exception <a 'java/io/FileNotFoundException'> (0x00000000d5c7b858) thrown at [C:\re\workspace\8-2-build-windows-amd64-cygwin\jdk8u60\4407\hotspot\src\share\vm\prims\jni.cpp, line 709]

Events (10 events):
Event: 8.728 loading class javax/management/MBeanServerConnection
Event: 8.728 loading class javax/management/MBeanServerConnection done
Event: 8.728 loading class javax/management/MBeanServer done
Event: 8.728 loading class com/sun/jmx/mbeanserver/SunJmxMBeanServer done
Event: 8.728 loading class com/sun/jmx/mbeanserver/JmxMBeanServer done
Event: 8.728 loading class com/sun/jmx/mbeanserver/MBeanServerDelegateImpl
Event: 8.728 loading class javax/management/DynamicMBean
Event: 8.728 loading class javax/management/DynamicMBean done
Event: 8.728 loading class javax/management/MBeanRegistration
Event: 8.728 Executing VM operation: CollectForMetadataAllocation


Dynamic libraries:
0x00007ff7701d0000 - 0x00007ff770207000 	C:\Program Files\Java\jdk1.8.0_60\jre\bin\java.exe
0x00007ffaaebb0000 - 0x00007ffaaed7d000 	C:\WINDOWS\SYSTEM32\ntdll.dll
0x00007ffaae240000 - 0x00007ffaae2ec000 	C:\WINDOWS\System32\KERNEL32.DLL
0x00007ffaab440000 - 0x00007ffaab66f000 	C:\WINDOWS\System32\KERNELBASE.dll
0x00007ffaae990000 - 0x00007ffaaea33000 	C:\WINDOWS\System32\ADVAPI32.dll
0x00007ffaae830000 - 0x00007ffaae8cd000 	C:\WINDOWS\System32\msvcrt.dll
0x00007ffaae8d0000 - 0x00007ffaae928000 	C:\WINDOWS\System32\sechost.dll
0x00007ffaae710000 - 0x00007ffaae82d000 	C:\WINDOWS\System32\RPCRT4.dll
0x00007ffaac770000 - 0x00007ffaac8c8000 	C:\WINDOWS\System32\USER32.dll
0x00007ffaabe50000 - 0x00007ffaabe6f000 	C:\WINDOWS\System32\win32u.dll
0x00007ffaae210000 - 0x00007ffaae240000 	C:\WINDOWS\System32\GDI32.dll
0x00007ffaabe70000 - 0x00007ffaabff2000 	C:\WINDOWS\System32\gdi32full.dll
0x00007ffaa0510000 - 0x00007ffaa0780000 	C:\WINDOWS\WinSxS\amd64_microsoft.windows.common-controls_6595b64144ccf1df_6.0.14936.1000_none_8bb5bb13bba044b0\COMCTL32.dll
0x00007ffaac8d0000 - 0x00007ffaacba5000 	C:\WINDOWS\System32\combase.dll
0x00007ffaac000000 - 0x00007ffaac0f8000 	C:\WINDOWS\System32\ucrtbase.dll
0x00007ffaabd30000 - 0x00007ffaabd9e000 	C:\WINDOWS\System32\bcryptPrimitives.dll
0x00007ffaacd50000 - 0x00007ffaacd7d000 	C:\WINDOWS\System32\IMM32.DLL
0x0000000059950000 - 0x0000000059a22000 	C:\Program Files\Java\jdk1.8.0_60\jre\bin\msvcr100.dll
0x0000000059a30000 - 0x000000005a2b9000 	C:\Program Files\Java\jdk1.8.0_60\jre\bin\server\jvm.dll
0x00007ffaacd40000 - 0x00007ffaacd48000 	C:\WINDOWS\System32\PSAPI.DLL
0x00007ffaa4700000 - 0x00007ffaa470a000 	C:\WINDOWS\SYSTEM32\VERSION.dll
0x00007ffa9f600000 - 0x00007ffa9f609000 	C:\WINDOWS\SYSTEM32\WSOCK32.dll
0x00007ffaa94a0000 - 0x00007ffaa94c3000 	C:\WINDOWS\SYSTEM32\WINMM.dll
0x00007ffaacbb0000 - 0x00007ffaacc1a000 	C:\WINDOWS\System32\WS2_32.dll
0x00007ffaa9430000 - 0x00007ffaa945a000 	C:\WINDOWS\SYSTEM32\winmmbase.dll
0x00007ffaab3f0000 - 0x00007ffaab431000 	C:\WINDOWS\System32\cfgmgr32.dll
0x000000005abf0000 - 0x000000005abff000 	C:\Program Files\Java\jdk1.8.0_60\jre\bin\verify.dll
0x0000000059920000 - 0x0000000059949000 	C:\Program Files\Java\jdk1.8.0_60\jre\bin\java.dll
0x000000005abd0000 - 0x000000005abe6000 	C:\Program Files\Java\jdk1.8.0_60\jre\bin\zip.dll
0x00007ffaacd80000 - 0x00007ffaae1b0000 	C:\WINDOWS\System32\SHELL32.dll
0x00007ffaab670000 - 0x00007ffaabd27000 	C:\WINDOWS\System32\windows.storage.dll
0x00007ffaae1b0000 - 0x00007ffaae202000 	C:\WINDOWS\System32\shlwapi.dll
0x00007ffaab1b0000 - 0x00007ffaab1bf000 	C:\WINDOWS\System32\kernel.appcore.dll
0x00007ffaae660000 - 0x00007ffaae703000 	C:\WINDOWS\System32\shcore.dll
0x00007ffaab160000 - 0x00007ffaab1ac000 	C:\WINDOWS\System32\powrprof.dll
0x00007ffaab140000 - 0x00007ffaab154000 	C:\WINDOWS\System32\profapi.dll
0x0000000059740000 - 0x00000000598d8000 	C:\Program Files\Java\jdk1.8.0_60\jre\bin\awt.dll
0x00007ffaae400000 - 0x00007ffaae4be000 	C:\WINDOWS\System32\OLEAUT32.dll
0x00007ffaac100000 - 0x00007ffaac195000 	C:\WINDOWS\System32\msvcp_win.dll
0x00007ffaa9570000 - 0x00007ffaa95ec000 	C:\WINDOWS\SYSTEM32\apphelp.dll
0x00007ffaa8cd0000 - 0x00007ffaa8cf5000 	C:\WINDOWS\system32\DWMAPI.DLL
0x00007ffaa9940000 - 0x00007ffaa99d5000 	C:\WINDOWS\system32\uxtheme.dll
0x00007ffaaea40000 - 0x00007ffaaeba8000 	C:\WINDOWS\System32\MSCTF.dll
0x00007ffa87dd0000 - 0x00007ffa87e18000 	C:\Program Files (x86)\TeamViewer\tv_x64.dll
0x00007ffaae530000 - 0x00007ffaae660000 	C:\WINDOWS\System32\ole32.dll
0x00007ffa85f70000 - 0x00007ffa860f9000 	C:\WINDOWS\system32\d3d9.dll
0x00007ffa84f60000 - 0x00007ffa85f6f000 	C:\WINDOWS\System32\DriverStore\FileRepository\nvmii.inf_amd64_0f0e1a8d1e6d3596\nvd3dumx.dll
0x00007ffaa42c0000 - 0x00007ffaa4491000 	C:\WINDOWS\system32\nvspcap64.dll
0x00007ffaac1a0000 - 0x00007ffaac5c9000 	C:\WINDOWS\System32\SETUPAPI.dll
0x00007ffaa7eb0000 - 0x00007ffaa7f7e000 	C:\WINDOWS\SYSTEM32\WINHTTP.dll
0x00007ffaa8b40000 - 0x00007ffaa8b53000 	C:\WINDOWS\SYSTEM32\WTSAPI32.dll
0x00007ffaa2ea0000 - 0x00007ffaa32be000 	C:\WINDOWS\system32\nvapi64.dll
0x00007ffaaa0c0000 - 0x00007ffaaa15d000 	C:\WINDOWS\SYSTEM32\dxgi.dll
0x00007ffaa9d30000 - 0x00007ffaa9d58000 	C:\WINDOWS\SYSTEM32\DEVOBJ.dll
0x00007ffaab1c0000 - 0x00007ffaab216000 	C:\WINDOWS\System32\WINTRUST.dll
0x00007ffaab130000 - 0x00007ffaab140000 	C:\WINDOWS\System32\MSASN1.dll
0x00007ffaab220000 - 0x00007ffaab3e9000 	C:\WINDOWS\System32\CRYPT32.dll
0x00007ffa94d40000 - 0x00007ffa94e27000 	C:\Program Files (x86)\NVIDIA Corporation\3D Vision\nvSCPAPI64.dll
0x00000000596f0000 - 0x0000000059737000 	C:\Program Files\Java\jdk1.8.0_60\jre\bin\fontmanager.dll
0x00007ffaacc20000 - 0x00007ffaaccbe000 	C:\WINDOWS\System32\clbcatq.dll
0x00007ffaa77f0000 - 0x00007ffaa7994000 	C:\WINDOWS\SYSTEM32\WindowsCodecs.dll
0x00007ffa8f240000 - 0x00007ffa8f287000 	C:\WINDOWS\system32\dataexchange.dll
0x00007ffaa8e30000 - 0x00007ffaa8f35000 	C:\WINDOWS\system32\dcomp.dll
0x00007ffaa8630000 - 0x00007ffaa88db000 	C:\WINDOWS\system32\d3d11.dll
0x00007ffaa9bf0000 - 0x00007ffaa9d25000 	C:\WINDOWS\system32\twinapi.appcore.dll
0x00007ffaaad20000 - 0x00007ffaaad4b000 	C:\WINDOWS\system32\bcrypt.dll
0x0000000059900000 - 0x000000005991a000 	C:\Program Files\Java\jdk1.8.0_60\jre\bin\net.dll
0x00007ffaaaa70000 - 0x00007ffaaaacc000 	C:\WINDOWS\system32\mswsock.dll
0x00000000598e0000 - 0x00000000598f1000 	C:\Program Files\Java\jdk1.8.0_60\jre\bin\nio.dll
0x00000000596a0000 - 0x00000000596e2000 	C:\Program Files\Java\jdk1.8.0_60\jre\bin\t2k.dll

VM Arguments:
jvm_args: -Dfile.encoding=UTF-8 
java_command: gsb_visiteurs.GSB_Visiteurs
java_class_path (initial): C:\Users\Benoit\Documents\NetBeansProjects\GSB_Visiteurs\GSB_Visiteurs\lib\jcalendar-1.4.jar;C:\Users\Benoit\Documents\NetBeansProjects\GSB_Visiteurs\GSB_Visiteurs\lib\ojdbc6.jar;C:\Users\Benoit\Documents\NetBeansProjects\GSB_Visiteurs\GSB_Visiteurs\build\classes
Launcher Type: SUN_STANDARD

Environment Variables:
PATH=C:\oraclexe\app\oracle\product\11.2.0\server\bin;C:\Program Files (x86)\Razer Chroma SDK\bin;C:\Program Files\Razer Chroma SDK\bin;C:\ProgramData\Oracle\Java\javapath;C:\WINDOWS\system32;C:\WINDOWS;C:\WINDOWS\System32\Wbem;C:\WINDOWS\System32\WindowsPowerShell\v1.0\;C:\Program Files (x86)\QuickTime\QTSystem\;C:\Program Files (x86)\NVIDIA Corporation\PhysX\Common;C:\Program Files (x86)\Skype\Phone\;C:\Program Files (x86)\Windows Live\Shared;C:\WINDOWS\system32;C:\WINDOWS;C:\WINDOWS\System32\Wbem;C:\WINDOWS\System32\WindowsPowerShell\v1.0\;C:\Program Files (x86)\GtkSharp\2.12\bin;C:\wamp\bin\php\php5.6.19;C:\ProgramData\ComposerSetup\bin;C:\Users\Benoit\AppData\Local\Programs\Python\Python35\Scripts\;C:\Users\Benoit\AppData\Local\Programs\Python\Python35\;C:\Users\Benoit\AppData\Local\Microsoft\WindowsApps;C:\Program Files (x86)\Jar2Exe Wizard\;C:\Users\Benoit\AppData\Roaming\Composer\vendor\bin
USERNAME=Benoit
OS=Windows_NT
PROCESSOR_IDENTIFIER=Intel64 Family 6 Model 60 Stepping 3, GenuineIntel



---------------  S Y S T E M  ---------------

OS: Windows 10.0 , 64 bit Build 14936 (10.0.14936.1000)

CPU:total 8 (4 cores per cpu, 2 threads per core) family 6 model 60 stepping 3, cmov, cx8, fxsr, mmx, sse, sse2, sse3, ssse3, sse4.1, sse4.2, popcnt, avx, avx2, aes, clmul, erms, lzcnt, ht, tsc, tscinvbit, bmi1, bmi2

Memory: 4k page, physical 8341376k(1357144k free), swap 18633200k(3280k free)

vm_info: Java HotSpot(TM) 64-Bit Server VM (25.60-b23) for windows-amd64 JRE (1.8.0_60-b27), built on Aug  4 2015 11:06:27 by "java_re" with MS VC++ 10.0 (VS2010)

time: Thu Mar 09 10:17:08 2017
elapsed time: 8 seconds (0d 0h 0m 8s)

