#
# There is insufficient memory for the Java Runtime Environment to continue.
# Native memory allocation (malloc) failed to allocate 275792 bytes for Chunk::new
# Possible reasons:
#   The system is out of physical RAM or swap space
#   In 32 bit mode, the process size limit was hit
# Possible solutions:
#   Reduce memory load on the system
#   Increase physical memory or swap space
#   Check if swap backing store is full
#   Use 64 bit Java on a 64 bit OS
#   Decrease Java heap size (-Xmx/-Xms)
#   Decrease number of Java threads
#   Decrease Java thread stack sizes (-Xss)
#   Set larger code cache with -XX:ReservedCodeCacheSize=
# This output file may be truncated or incomplete.
#
#  Out of Memory Error (allocation.cpp:390), pid=3088, tid=4356
#
# JRE version: Java(TM) SE Runtime Environment (8.0_60-b27) (build 1.8.0_60-b27)
# Java VM: Java HotSpot(TM) 64-Bit Server VM (25.60-b23 mixed mode windows-amd64 compressed oops)
# Failed to write core dump. Minidumps are not enabled by default on client versions of Windows
#

---------------  T H R E A D  ---------------

Current thread (0x000000001973f000):  JavaThread "C2 CompilerThread1" daemon [_thread_in_native, id=4356, stack(0x0000000019e10000,0x0000000019f10000)]

Stack: [0x0000000019e10000,0x0000000019f10000]
[error occurred during error reporting (printing stack bounds), id 0xc0000005]

Native frames: (J=compiled Java code, j=interpreted, Vv=VM code, C=native code)


Current CompileTask:
C2:   4387 1367       4       sun.java2d.pipe.BufferedContext::validate (518 bytes)


---------------  P R O C E S S  ---------------

Java Threads: ( => current thread )
  0x000000001ab0d800 JavaThread "TimerQueue" daemon [_thread_blocked, id=13464, stack(0x0000000028bf0000,0x0000000028cf0000)]
  0x0000000002540800 JavaThread "DestroyJavaVM" [_thread_blocked, id=5072, stack(0x0000000002440000,0x0000000002540000)]
  0x000000001aa97800 JavaThread "D3D Screen Updater" daemon [_thread_blocked, id=11736, stack(0x00000000289e0000,0x0000000028ae0000)]
  0x000000001a904800 JavaThread "AWT-EventQueue-0" [_thread_blocked, id=13176, stack(0x0000000020020000,0x0000000020120000)]
  0x000000001a794800 JavaThread "Image Fetcher 0" daemon [_thread_blocked, id=10068, stack(0x000000001ff20000,0x0000000020020000)]
  0x0000000019af3800 JavaThread "AWT-Windows" daemon [_thread_in_native, id=5584, stack(0x000000001b1c0000,0x000000001b2c0000)]
  0x0000000019b0e000 JavaThread "AWT-Shutdown" [_thread_blocked, id=15400, stack(0x000000001b0c0000,0x000000001b1c0000)]
  0x0000000019b0d000 JavaThread "Java2D Disposer" daemon [_thread_blocked, id=8292, stack(0x000000001afc0000,0x000000001b0c0000)]
  0x00000000197d4800 JavaThread "Service Thread" daemon [_thread_blocked, id=14232, stack(0x000000001a110000,0x000000001a210000)]
  0x0000000019744000 JavaThread "C1 CompilerThread3" daemon [_thread_blocked, id=15316, stack(0x000000001a010000,0x000000001a110000)]
  0x0000000019740800 JavaThread "C2 CompilerThread2" daemon [_thread_blocked, id=16340, stack(0x0000000019f10000,0x000000001a010000)]
=>0x000000001973f000 JavaThread "C2 CompilerThread1" daemon [_thread_in_native, id=4356, stack(0x0000000019e10000,0x0000000019f10000)]
  0x0000000019739000 JavaThread "C2 CompilerThread0" daemon [_thread_blocked, id=1648, stack(0x0000000019d10000,0x0000000019e10000)]
  0x0000000019738000 JavaThread "Attach Listener" daemon [_thread_blocked, id=12668, stack(0x0000000019c10000,0x0000000019d10000)]
  0x0000000019737000 JavaThread "Signal Dispatcher" daemon [_thread_blocked, id=16216, stack(0x0000000019b10000,0x0000000019c10000)]
  0x000000000263b000 JavaThread "Finalizer" daemon [_thread_blocked, id=5152, stack(0x0000000019520000,0x0000000019620000)]
  0x000000001764d000 JavaThread "Reference Handler" daemon [_thread_blocked, id=14848, stack(0x0000000019420000,0x0000000019520000)]

Other Threads:
  0x0000000017649800 VMThread [stack: 0x0000000019320000,0x0000000019420000] [id=5496]
  0x00000000197ef000 WatcherThread [stack: 0x000000001a210000,0x000000001a310000] [id=11504]

VM state:not at safepoint (normal execution)

VM Mutex/Monitor currently owned by a thread: None

Heap:
 PSYoungGen      total 38400K, used 4882K [0x00000000d5900000, 0x00000000d8380000, 0x0000000100000000)
  eden space 33280K, 14% used [0x00000000d5900000,0x00000000d5dc4868,0x00000000d7980000)
  from space 5120K, 0% used [0x00000000d7980000,0x00000000d7980000,0x00000000d7e80000)
  to   space 5120K, 0% used [0x00000000d7e80000,0x00000000d7e80000,0x00000000d8380000)
 ParOldGen       total 73216K, used 7037K [0x0000000080a00000, 0x0000000085180000, 0x00000000d5900000)
  object space 73216K, 9% used [0x0000000080a00000,0x00000000810df7d0,0x0000000085180000)
 Metaspace       used 20562K, capacity 20836K, committed 21248K, reserved 1075200K
  class space    used 2621K, capacity 2706K, committed 2816K, reserved 1048576K

Card table byte_map: [0x0000000011a00000,0x0000000011e00000] byte_map_base: 0x00000000115fb000

Marking Bits: (ParMarkBitMap*) 0x0000000072cba5b0
 Begin Bits: [0x00000000128b0000, 0x0000000014888000)
 End Bits:   [0x0000000014888000, 0x0000000016860000)

Polling page: 0x0000000000b50000

CodeCache: size=245760Kb used=4303Kb max_used=4315Kb free=241456Kb
 bounds [0x0000000002640000, 0x0000000002a80000, 0x0000000011640000]
 total_blobs=1929 nmethods=1344 adapters=496
 compilation: enabled

Compilation events (10 events):
Event: 4.369 Thread 0x0000000019744000 nmethod 1362 0x0000000002a75fd0 code [0x0000000002a76160, 0x0000000002a766e8]
Event: 4.370 Thread 0x0000000019744000 1363       3       java.util.concurrent.locks.AbstractQueuedSynchronizer::enq (58 bytes)
Event: 4.371 Thread 0x0000000019744000 nmethod 1363 0x0000000002a75710 code [0x0000000002a758a0, 0x0000000002a75dd0]
Event: 4.377 Thread 0x0000000019744000 1365       3       sun.java2d.SunGraphics2D::translate (68 bytes)
Event: 4.377 Thread 0x0000000019744000 nmethod 1365 0x0000000002a75190 code [0x0000000002a75300, 0x0000000002a75638]
Event: 4.377 Thread 0x0000000019744000 1364       1       javax.swing.JComponent::isPaintingOrigin (2 bytes)
Event: 4.377 Thread 0x0000000019744000 nmethod 1364 0x0000000002a74ed0 code [0x0000000002a75020, 0x0000000002a75130]
Event: 4.378 Thread 0x0000000019740800 1366       4       java.awt.geom.AffineTransform::equals (92 bytes)
Event: 4.378 Thread 0x000000001973f000 1367       4       sun.java2d.pipe.BufferedContext::validate (518 bytes)
Event: 4.378 Thread 0x0000000019740800 nmethod 1366 0x0000000002a74a50 code [0x0000000002a74ba0, 0x0000000002a74d98]

GC Heap History (4 events):
Event: 2.202 GC heap before
{Heap before GC invocations=1 (full 0):
 PSYoungGen      total 38400K, used 25556K [0x00000000d5900000, 0x00000000d8380000, 0x0000000100000000)
  eden space 33280K, 76% used [0x00000000d5900000,0x00000000d71f53a0,0x00000000d7980000)
  from space 5120K, 0% used [0x00000000d7e80000,0x00000000d7e80000,0x00000000d8380000)
  to   space 5120K, 0% used [0x00000000d7980000,0x00000000d7980000,0x00000000d7e80000)
 ParOldGen       total 87552K, used 0K [0x0000000080a00000, 0x0000000085f80000, 0x00000000d5900000)
  object space 87552K, 0% used [0x0000000080a00000,0x0000000080a00000,0x0000000085f80000)
 Metaspace       used 18768K, capacity 18954K, committed 19200K, reserved 1077248K
  class space    used 2339K, capacity 2447K, committed 2560K, reserved 1048576K
Event: 2.208 GC heap after
Heap after GC invocations=1 (full 0):
 PSYoungGen      total 38400K, used 5116K [0x00000000d5900000, 0x00000000d8380000, 0x0000000100000000)
  eden space 33280K, 0% used [0x00000000d5900000,0x00000000d5900000,0x00000000d7980000)
  from space 5120K, 99% used [0x00000000d7980000,0x00000000d7e7f240,0x00000000d7e80000)
  to   space 5120K, 0% used [0x00000000d7e80000,0x00000000d7e80000,0x00000000d8380000)
 ParOldGen       total 87552K, used 6320K [0x0000000080a00000, 0x0000000085f80000, 0x00000000d5900000)
  object space 87552K, 7% used [0x0000000080a00000,0x000000008102c230,0x0000000085f80000)
 Metaspace       used 18768K, capacity 18954K, committed 19200K, reserved 1077248K
  class space    used 2339K, capacity 2447K, committed 2560K, reserved 1048576K
}
Event: 2.208 GC heap before
{Heap before GC invocations=2 (full 1):
 PSYoungGen      total 38400K, used 5116K [0x00000000d5900000, 0x00000000d8380000, 0x0000000100000000)
  eden space 33280K, 0% used [0x00000000d5900000,0x00000000d5900000,0x00000000d7980000)
  from space 5120K, 99% used [0x00000000d7980000,0x00000000d7e7f240,0x00000000d7e80000)
  to   space 5120K, 0% used [0x00000000d7e80000,0x00000000d7e80000,0x00000000d8380000)
 ParOldGen       total 87552K, used 6320K [0x0000000080a00000, 0x0000000085f80000, 0x00000000d5900000)
  object space 87552K, 7% used [0x0000000080a00000,0x000000008102c230,0x0000000085f80000)
 Metaspace       used 18768K, capacity 18954K, committed 19200K, reserved 1077248K
  class space    used 2339K, capacity 2447K, committed 2560K, reserved 1048576K
Event: 2.230 GC heap after
Heap after GC invocations=2 (full 1):
 PSYoungGen      total 38400K, used 0K [0x00000000d5900000, 0x00000000d8380000, 0x0000000100000000)
  eden space 33280K, 0% used [0x00000000d5900000,0x00000000d5900000,0x00000000d7980000)
  from space 5120K, 0% used [0x00000000d7980000,0x00000000d7980000,0x00000000d7e80000)
  to   space 5120K, 0% used [0x00000000d7e80000,0x00000000d7e80000,0x00000000d8380000)
 ParOldGen       total 73216K, used 7037K [0x0000000080a00000, 0x0000000085180000, 0x00000000d5900000)
  object space 73216K, 9% used [0x0000000080a00000,0x00000000810df7d0,0x0000000085180000)
 Metaspace       used 18768K, capacity 18954K, committed 19200K, reserved 1075200K
  class space    used 2339K, capacity 2447K, committed 2560K, reserved 1048576K
}

Deoptimization events (6 events):
Event: 1.801 Thread 0x000000001a904800 Uncommon trap: reason=class_check action=maybe_recompile pc=0x00000000027af828 method=java.lang.String.equals(Ljava/lang/Object;)Z @ 8
Event: 1.949 Thread 0x000000001a904800 Uncommon trap: reason=unstable_if action=reinterpret pc=0x000000000291bf70 method=java.util.Properties.loadConvert([CII[C)Ljava/lang/String; @ 4
Event: 2.011 Thread 0x000000001a904800 Uncommon trap: reason=unstable_if action=reinterpret pc=0x00000000028d3af8 method=java.lang.String.indexOf([CII[CIII)I @ 3
Event: 3.224 Thread 0x000000001a904800 Uncommon trap: reason=class_check action=maybe_recompile pc=0x00000000027af828 method=java.lang.String.equals(Ljava/lang/Object;)Z @ 8
Event: 3.224 Thread 0x000000001a904800 Uncommon trap: reason=class_check action=maybe_recompile pc=0x00000000027af828 method=java.lang.String.equals(Ljava/lang/Object;)Z @ 8
Event: 3.224 Thread 0x000000001a904800 Uncommon trap: reason=class_check action=maybe_recompile pc=0x00000000027af828 method=java.lang.String.equals(Ljava/lang/Object;)Z @ 8

Internal exceptions (10 events):
Event: 1.852 Thread 0x000000001a904800 Exception <a 'java/lang/ArrayIndexOutOfBoundsException'> (0x00000000d65e6bc0) thrown at [C:\re\workspace\8-2-build-windows-amd64-cygwin\jdk8u60\4407\hotspot\src\share\vm\runtime\sharedRuntime.cpp, line 605]
Event: 1.853 Thread 0x000000001a904800 Exception <a 'java/lang/ArrayIndexOutOfBoundsException'> (0x00000000d65e7b20) thrown at [C:\re\workspace\8-2-build-windows-amd64-cygwin\jdk8u60\4407\hotspot\src\share\vm\runtime\sharedRuntime.cpp, line 605]
Event: 1.853 Thread 0x000000001a904800 Exception <a 'java/lang/ArrayIndexOutOfBoundsException'> (0x00000000d65e8ea8) thrown at [C:\re\workspace\8-2-build-windows-amd64-cygwin\jdk8u60\4407\hotspot\src\share\vm\runtime\sharedRuntime.cpp, line 605]
Event: 1.853 Thread 0x000000001a904800 Exception <a 'java/lang/ArrayIndexOutOfBoundsException'> (0x00000000d65eaad8) thrown at [C:\re\workspace\8-2-build-windows-amd64-cygwin\jdk8u60\4407\hotspot\src\share\vm\runtime\sharedRuntime.cpp, line 605]
Event: 1.857 Thread 0x000000001a904800 Exception <a 'java/lang/ArrayIndexOutOfBoundsException'> (0x00000000d6610f30) thrown at [C:\re\workspace\8-2-build-windows-amd64-cygwin\jdk8u60\4407\hotspot\src\share\vm\runtime\sharedRuntime.cpp, line 605]
Event: 1.858 Thread 0x000000001a904800 Exception <a 'java/lang/ArrayIndexOutOfBoundsException'> (0x00000000d6612380) thrown at [C:\re\workspace\8-2-build-windows-amd64-cygwin\jdk8u60\4407\hotspot\src\share\vm\runtime\sharedRuntime.cpp, line 605]
Event: 1.858 Thread 0x000000001a904800 Exception <a 'java/lang/ArrayIndexOutOfBoundsException'> (0x00000000d6613e50) thrown at [C:\re\workspace\8-2-build-windows-amd64-cygwin\jdk8u60\4407\hotspot\src\share\vm\runtime\sharedRuntime.cpp, line 605]
Event: 1.861 Thread 0x000000001a904800 Exception <a 'java/lang/ArrayIndexOutOfBoundsException'> (0x00000000d663a2d8) thrown at [C:\re\workspace\8-2-build-windows-amd64-cygwin\jdk8u60\4407\hotspot\src\share\vm\runtime\sharedRuntime.cpp, line 605]
Event: 1.863 Thread 0x000000001a904800 Exception <a 'java/lang/ArrayIndexOutOfBoundsException'> (0x00000000d66483d8) thrown at [C:\re\workspace\8-2-build-windows-amd64-cygwin\jdk8u60\4407\hotspot\src\share\vm\runtime\sharedRuntime.cpp, line 605]
Event: 2.199 Thread 0x000000001a904800 Exception <a 'java/lang/NoSuchMethodError': <clinit>> (0x00000000d71a5198) thrown at [C:\re\workspace\8-2-build-windows-amd64-cygwin\jdk8u60\4407\hotspot\src\share\vm\prims\jni.cpp, line 1591]

Events (10 events):
Event: 3.987 loading class sun/java2d/loops/ProcessPath$ActiveEdgeList
Event: 3.987 loading class sun/java2d/loops/ProcessPath$ActiveEdgeList done
Event: 3.987 loading class sun/java2d/loops/ProcessPath$Edge
Event: 3.987 loading class sun/java2d/loops/ProcessPath$Edge done
Event: 3.997 loading class javax/swing/event/AncestorEvent
Event: 3.997 loading class javax/swing/event/AncestorEvent done
Event: 3.997 loading class com/sun/java/swing/plaf/windows/WindowsTextFieldUI$WindowsFieldCaret$SafeScroller
Event: 3.997 loading class com/sun/java/swing/plaf/windows/WindowsTextFieldUI$WindowsFieldCaret$SafeScroller done
Event: 4.078 Executing VM operation: EnableBiasedLocking
Event: 4.078 Executing VM operation: EnableBiasedLocking done


Dynamic libraries:
0x00007ff69eb90000 - 0x00007ff69ebc7000 	C:\Program Files\Java\jdk1.8.0_60\jre\bin\java.exe
0x00007ffdd7550000 - 0x00007ffdd771d000 	C:\WINDOWS\SYSTEM32\ntdll.dll
0x00007ffdd70d0000 - 0x00007ffdd717c000 	C:\WINDOWS\System32\KERNEL32.DLL
0x00007ffdd4870000 - 0x00007ffdd4a9f000 	C:\WINDOWS\System32\KERNELBASE.dll
0x00007ffdd4b40000 - 0x00007ffdd4be3000 	C:\WINDOWS\System32\ADVAPI32.dll
0x00007ffdd55a0000 - 0x00007ffdd563d000 	C:\WINDOWS\System32\msvcrt.dll
0x00007ffdd5380000 - 0x00007ffdd53d8000 	C:\WINDOWS\System32\sechost.dll
0x00007ffdd53e0000 - 0x00007ffdd54fd000 	C:\WINDOWS\System32\RPCRT4.dll
0x00007ffdd72a0000 - 0x00007ffdd73f8000 	C:\WINDOWS\System32\USER32.dll
0x00007ffdd40d0000 - 0x00007ffdd40ef000 	C:\WINDOWS\System32\win32u.dll
0x00007ffdd5570000 - 0x00007ffdd55a0000 	C:\WINDOWS\System32\GDI32.dll
0x00007ffdd3b60000 - 0x00007ffdd3ce2000 	C:\WINDOWS\System32\gdi32full.dll
0x00007ffdc7020000 - 0x00007ffdc7290000 	C:\WINDOWS\WinSxS\amd64_microsoft.windows.common-controls_6595b64144ccf1df_6.0.14936.1000_none_8bb5bb13bba044b0\COMCTL32.dll
0x00007ffdd4bf0000 - 0x00007ffdd4ec5000 	C:\WINDOWS\System32\combase.dll
0x00007ffdd3cf0000 - 0x00007ffdd3de8000 	C:\WINDOWS\System32\ucrtbase.dll
0x00007ffdd40f0000 - 0x00007ffdd415e000 	C:\WINDOWS\System32\bcryptPrimitives.dll
0x00007ffdd70a0000 - 0x00007ffdd70cd000 	C:\WINDOWS\System32\IMM32.DLL
0x00000000723d0000 - 0x00000000724a2000 	C:\Program Files\Java\jdk1.8.0_60\jre\bin\msvcr100.dll
0x00000000724b0000 - 0x0000000072d39000 	C:\Program Files\Java\jdk1.8.0_60\jre\bin\server\jvm.dll
0x00007ffdd7290000 - 0x00007ffdd7298000 	C:\WINDOWS\System32\PSAPI.DLL
0x00007ffdd1f20000 - 0x00007ffdd1f43000 	C:\WINDOWS\SYSTEM32\WINMM.dll
0x00007ffdc50f0000 - 0x00007ffdc50f9000 	C:\WINDOWS\SYSTEM32\WSOCK32.dll
0x00007ffdcd000000 - 0x00007ffdcd00a000 	C:\WINDOWS\SYSTEM32\VERSION.dll
0x00007ffdd74c0000 - 0x00007ffdd752a000 	C:\WINDOWS\System32\WS2_32.dll
0x00007ffdd1e60000 - 0x00007ffdd1e8a000 	C:\WINDOWS\SYSTEM32\winmmbase.dll
0x00007ffdd4160000 - 0x00007ffdd41a1000 	C:\WINDOWS\System32\cfgmgr32.dll
0x0000000073c00000 - 0x0000000073c0f000 	C:\Program Files\Java\jdk1.8.0_60\jre\bin\verify.dll
0x00000000723a0000 - 0x00000000723c9000 	C:\Program Files\Java\jdk1.8.0_60\jre\bin\java.dll
0x0000000072380000 - 0x0000000072396000 	C:\Program Files\Java\jdk1.8.0_60\jre\bin\zip.dll
0x00007ffdd5750000 - 0x00007ffdd6b80000 	C:\WINDOWS\System32\SHELL32.dll
0x00007ffdd41b0000 - 0x00007ffdd4867000 	C:\WINDOWS\System32\windows.storage.dll
0x00007ffdd7230000 - 0x00007ffdd7282000 	C:\WINDOWS\System32\shlwapi.dll
0x00007ffdd3b00000 - 0x00007ffdd3b0f000 	C:\WINDOWS\System32\kernel.appcore.dll
0x00007ffdd7180000 - 0x00007ffdd7223000 	C:\WINDOWS\System32\shcore.dll
0x00007ffdd3b10000 - 0x00007ffdd3b5c000 	C:\WINDOWS\System32\powrprof.dll
0x00007ffdd3ae0000 - 0x00007ffdd3af4000 	C:\WINDOWS\System32\profapi.dll
0x00000000721a0000 - 0x0000000072338000 	C:\Program Files\Java\jdk1.8.0_60\jre\bin\awt.dll
0x00007ffdd7400000 - 0x00007ffdd74be000 	C:\WINDOWS\System32\OLEAUT32.dll
0x00007ffdd4aa0000 - 0x00007ffdd4b35000 	C:\WINDOWS\System32\msvcp_win.dll
0x00007ffdd1de0000 - 0x00007ffdd1e5c000 	C:\WINDOWS\SYSTEM32\apphelp.dll
0x00007ffdd1730000 - 0x00007ffdd1755000 	C:\WINDOWS\system32\DWMAPI.DLL
0x00007ffdd22e0000 - 0x00007ffdd2375000 	C:\WINDOWS\system32\uxtheme.dll
0x00007ffdd4f40000 - 0x00007ffdd50a8000 	C:\WINDOWS\System32\MSCTF.dll
0x00007ffdae230000 - 0x00007ffdae278000 	C:\Program Files (x86)\TeamViewer\tv_x64.dll
0x00007ffdd5250000 - 0x00007ffdd5380000 	C:\WINDOWS\System32\ole32.dll
0x00007ffdac260000 - 0x00007ffdac3e9000 	C:\WINDOWS\system32\d3d9.dll
0x00007ffda0f80000 - 0x00007ffda1f8f000 	C:\WINDOWS\System32\DriverStore\FileRepository\nvmii.inf_amd64_0f0e1a8d1e6d3596\nvd3dumx.dll
0x00007ffdcccb0000 - 0x00007ffdcce81000 	C:\WINDOWS\system32\nvspcap64.dll
0x00007ffdd6c70000 - 0x00007ffdd7099000 	C:\WINDOWS\System32\SETUPAPI.dll
0x00007ffdd12f0000 - 0x00007ffdd1303000 	C:\WINDOWS\SYSTEM32\WTSAPI32.dll
0x00007ffdd0ce0000 - 0x00007ffdd0dae000 	C:\WINDOWS\SYSTEM32\WINHTTP.dll
0x00007ffdcb560000 - 0x00007ffdcb97e000 	C:\WINDOWS\system32\nvapi64.dll
0x00007ffdd2a60000 - 0x00007ffdd2afd000 	C:\WINDOWS\SYSTEM32\dxgi.dll
0x00007ffdd2590000 - 0x00007ffdd25b8000 	C:\WINDOWS\SYSTEM32\DEVOBJ.dll
0x00007ffdd3ea0000 - 0x00007ffdd3ef6000 	C:\WINDOWS\System32\WINTRUST.dll
0x00007ffdd3ad0000 - 0x00007ffdd3ae0000 	C:\WINDOWS\System32\MSASN1.dll
0x00007ffdd3f00000 - 0x00007ffdd40c9000 	C:\WINDOWS\System32\CRYPT32.dll
0x00007ffdbd6f0000 - 0x00007ffdbd7d7000 	C:\Program Files (x86)\NVIDIA Corporation\3D Vision\nvSCPAPI64.dll
0x0000000072150000 - 0x0000000072197000 	C:\Program Files\Java\jdk1.8.0_60\jre\bin\fontmanager.dll
0x00007ffdd56b0000 - 0x00007ffdd574e000 	C:\WINDOWS\System32\clbcatq.dll
0x00007ffdcffd0000 - 0x00007ffdd0174000 	C:\WINDOWS\SYSTEM32\WindowsCodecs.dll
0x00007ffdb7ee0000 - 0x00007ffdb7f27000 	C:\WINDOWS\system32\dataexchange.dll
0x00007ffdd0920000 - 0x00007ffdd0bcb000 	C:\WINDOWS\system32\d3d11.dll
0x00007ffdd19c0000 - 0x00007ffdd1ac5000 	C:\WINDOWS\system32\dcomp.dll
0x00007ffdd25c0000 - 0x00007ffdd26f5000 	C:\WINDOWS\system32\twinapi.appcore.dll
0x00007ffdd37a0000 - 0x00007ffdd37cb000 	C:\WINDOWS\system32\bcrypt.dll
0x0000000072360000 - 0x000000007237a000 	C:\Program Files\Java\jdk1.8.0_60\jre\bin\net.dll
0x00007ffdd3410000 - 0x00007ffdd346c000 	C:\WINDOWS\system32\mswsock.dll
0x0000000072340000 - 0x0000000072351000 	C:\Program Files\Java\jdk1.8.0_60\jre\bin\nio.dll
0x0000000072100000 - 0x0000000072142000 	C:\Program Files\Java\jdk1.8.0_60\jre\bin\t2k.dll
0x0000000073bf0000 - 0x0000000073bfd000 	C:\Program Files\Java\jdk1.8.0_60\jre\bin\management.dll
0x00007ffdd31e0000 - 0x00007ffdd327f000 	C:\WINDOWS\SYSTEM32\DNSAPI.dll
0x00007ffdd4ed0000 - 0x00007ffdd4ed8000 	C:\WINDOWS\System32\NSI.dll
0x00007ffdd31a0000 - 0x00007ffdd31d6000 	C:\WINDOWS\SYSTEM32\IPHLPAPI.DLL
0x0000000074e10000 - 0x0000000074e36000 	C:\Program Files\Bonjour\mdnsNSP.dll
0x00007ffdc8f40000 - 0x00007ffdc8f4a000 	C:\Windows\System32\rasadhlp.dll
0x00007ffdcb1a0000 - 0x00007ffdcb208000 	C:\WINDOWS\System32\fwpuclnt.dll
0x00007ffdd35b0000 - 0x00007ffdd35c6000 	C:\WINDOWS\SYSTEM32\CRYPTSP.dll
0x00007ffdd3030000 - 0x00007ffdd3064000 	C:\WINDOWS\system32\rsaenh.dll
0x00007ffdd3290000 - 0x00007ffdd32af000 	C:\WINDOWS\SYSTEM32\USERENV.dll
0x00007ffdd35d0000 - 0x00007ffdd35db000 	C:\WINDOWS\SYSTEM32\CRYPTBASE.dll
0x00007ffdce7f0000 - 0x00007ffdce806000 	C:\WINDOWS\SYSTEM32\dhcpcsvc6.DLL
0x00007ffdcf000000 - 0x00007ffdcf01a000 	C:\WINDOWS\SYSTEM32\dhcpcsvc.DLL
0x00007ffdc32d0000 - 0x00007ffdc32e6000 	C:\WINDOWS\system32\napinsp.dll
0x00007ffdc32b0000 - 0x00007ffdc32ca000 	C:\WINDOWS\system32\pnrpnsp.dll
0x00007ffdd1b00000 - 0x00007ffdd1b18000 	C:\WINDOWS\system32\NLAapi.dll
0x00007ffdc31b0000 - 0x00007ffdc31be000 	C:\WINDOWS\System32\winrnr.dll
0x00007ffdc3100000 - 0x00007ffdc3115000 	C:\WINDOWS\System32\wshbth.dll
0x00007ffdc1620000 - 0x00007ffdc16c6000 	C:\WINDOWS\WinSxS\amd64_microsoft.windows.common-controls_6595b64144ccf1df_5.82.14936.1000_none_58c39e7591278325\comctl32.dll

VM Arguments:
jvm_args: -Dfile.encoding=UTF-8 
java_command: gsb_visiteurs.GSB_Visiteurs
java_class_path (initial): C:\Users\Benoit\Documents\NetBeansProjects\GSB_Visiteurs\GSB_Visiteurs\lib\jcalendar-1.4.jar;C:\Users\Benoit\Documents\NetBeansProjects\GSB_Visiteurs\GSB_Visiteurs\lib\ojdbc6.jar;C:\Users\Benoit\Documents\NetBeansProjects\GSB_Visiteurs\GSB_Visiteurs\build\classes
Launcher Type: SUN_STANDARD

Environment Variables:
PATH=C:\oraclexe\app\oracle\product\11.2.0\server\bin;C:\Program Files (x86)\Razer Chroma SDK\bin;C:\Program Files\Razer Chroma SDK\bin;C:\ProgramData\Oracle\Java\javapath;C:\WINDOWS\system32;C:\WINDOWS;C:\WINDOWS\System32\Wbem;C:\WINDOWS\System32\WindowsPowerShell\v1.0\;C:\Program Files (x86)\QuickTime\QTSystem\;C:\Program Files (x86)\NVIDIA Corporation\PhysX\Common;C:\Program Files (x86)\Skype\Phone\;C:\Program Files (x86)\Windows Live\Shared;C:\WINDOWS\system32;C:\WINDOWS;C:\WINDOWS\System32\Wbem;C:\WINDOWS\System32\WindowsPowerShell\v1.0\;C:\Program Files (x86)\GtkSharp\2.12\bin;C:\wamp\bin\php\php5.6.19;C:\ProgramData\ComposerSetup\bin;C:\Users\Benoit\AppData\Local\Programs\Python\Python35\Scripts\;C:\Users\Benoit\AppData\Local\Programs\Python\Python35\;C:\Users\Benoit\AppData\Local\Microsoft\WindowsApps;C:\Program Files (x86)\Jar2Exe Wizard\;C:\Users\Benoit\AppData\Roaming\Composer\vendor\bin
USERNAME=Benoit
OS=Windows_NT
PROCESSOR_IDENTIFIER=Intel64 Family 6 Model 60 Stepping 3, GenuineIntel



---------------  S Y S T E M  ---------------

OS: Windows 10.0 , 64 bit Build 14936 (10.0.14936.1000)

CPU:total 8 (4 cores per cpu, 2 threads per core) family 6 model 60 stepping 3, cmov, cx8, fxsr, mmx, sse, sse2, sse3, ssse3, sse4.1, sse4.2, popcnt, avx, avx2, aes, clmul, erms, lzcnt, ht, tsc, tscinvbit, bmi1, bmi2

Memory: 4k page, physical 8341376k(1707372k free), swap 11298836k(5336k free)

vm_info: Java HotSpot(TM) 64-Bit Server VM (25.60-b23) for windows-amd64 JRE (1.8.0_60-b27), built on Aug  4 2015 11:06:27 by "java_re" with MS VC++ 10.0 (VS2010)

time: Sun Mar 05 15:32:06 2017
elapsed time: 4 seconds (0d 0h 0m 4s)

